<?xml version="1.0" encoding="UTF-8"?>
<!-- Generated by org.testng.reporters.JUnitXMLReporter -->
<testsuite hostname="DESKTOP-LOD61PF" ignored="0" name="Default test" tests="3" failures="0" timestamp="29 Mar 2020 11:16:21 GMT" time="56.439" errors="0">
  <testcase name="crmLoginImgtest" time="0.144" classname="com.atf.com.testcases.LoginPageTest"/>
  <testcase name="verifycrmTitleTest" time="0.041" classname="com.atf.com.testcases.LoginPageTest"/>
  <testcase name="verifyLoginBtntest" time="6.679" classname="com.atf.com.testcases.LoginPageTest"/>
</testsuite> <!-- Default test -->
